[2018-08-08 13:37:45][debug] begin notify
[2018-08-08 13:37:45][debug] call back， return xml:<xml><return_code><![CDATA[FAIL]]></return_code><return_msg><![CDATA[OK]]></return_msg></xml>
[2018-08-08 13:37:45][debug] call back， return xml:<xml><return_code><![CDATA[FAIL]]></return_code><return_msg><![CDATA[OK]]></return_msg></xml>
[2018-08-08 13:37:46][debug] begin notify
[2018-08-08 13:37:46][debug] call back， return xml:<xml><return_code><![CDATA[FAIL]]></return_code><return_msg><![CDATA[OK]]></return_msg></xml>
[2018-08-08 13:37:46][debug] call back， return xml:<xml><return_code><![CDATA[FAIL]]></return_code><return_msg><![CDATA[OK]]></return_msg></xml>
[2018-08-08 13:40:38][debug] begin notify
[2018-08-08 13:40:38][debug] call back， return xml:<xml><return_code><![CDATA[FAIL]]></return_code><return_msg><![CDATA[OK]]></return_msg></xml>
[2018-08-08 13:40:38][debug] begin notify
[2018-08-08 13:40:38][debug] call back， return xml:<xml><return_code><![CDATA[FAIL]]></return_code><return_msg><![CDATA[OK]]></return_msg></xml>
[2018-08-08 13:42:02][debug] begin notify
[2018-08-08 13:42:02][debug] call back， return xml:<xml><return_code><![CDATA[FAIL]]></return_code><return_msg><![CDATA[OK]]></return_msg></xml>
[2018-08-08 13:42:02][debug] call back， return xml:<xml><return_code><![CDATA[FAIL]]></return_code><return_msg><![CDATA[OK]]></return_msg></xml>
[2018-08-08 13:42:03][debug] begin notify
[2018-08-08 13:42:03][debug] call back， return xml:<xml><return_code><![CDATA[FAIL]]></return_code><return_msg><![CDATA[OK]]></return_msg></xml>
[2018-08-08 13:42:03][debug] call back， return xml:<xml><return_code><![CDATA[FAIL]]></return_code><return_msg><![CDATA[OK]]></return_msg></xml>
[2018-08-08 14:23:59][debug] begin notify
[2018-08-08 14:23:59][debug] call back:{"appid":"wxd9da51e6bae6c3c0","attach":"\u9644\u52a0\u53c2\u6570","bank_type":"CFT","cash_fee":"4","fee_type":"CNY","is_subscribe":"Y","mch_id":"1441217402","nonce_str":"ulkacwwjqc2mcm38qfmruyedwqnpe2lj","openid":"omQYXwNAT5uC15TQqMGxajJzqo4s","out_trade_no":"144121740220180808142348","result_code":"SUCCESS","return_code":"SUCCESS","sign":"17B2D11E22BADA004D6BAA0BC06E4EE71A37BBE0FF0900D7E143CDCD33915C15","time_end":"20180808142358","total_fee":"4","trade_type":"JSAPI","transaction_id":"4200000151201808085101089854"}
[2018-08-08 14:24:00][debug] query:{"appid":"wxd9da51e6bae6c3c0","attach":"\u9644\u52a0\u53c2\u6570","bank_type":"CFT","cash_fee":"4","fee_type":"CNY","is_subscribe":"Y","mch_id":"1441217402","nonce_str":"XZVEeJGZnFGIl9FO","openid":"omQYXwNAT5uC15TQqMGxajJzqo4s","out_trade_no":"144121740220180808142348","result_code":"SUCCESS","return_code":"SUCCESS","return_msg":"OK","sign":"3F284802C676EF1DAD9FCC11EBA4118101A74B41FE78874D008E0E8E82E02E4E","time_end":"20180808142358","total_fee":"4","trade_state":"SUCCESS","trade_state_desc":"\u652f\u4ed8\u6210\u529f","trade_type":"JSAPI","transaction_id":"4200000151201808085101089854"}
[2018-08-08 14:24:00][debug] call back， return xml:<xml><return_code><![CDATA[SUCCESS]]></return_code><return_msg><![CDATA[OK]]></return_msg></xml>
[2018-08-08 14:25:03][debug] begin notify
[2018-08-08 14:25:03][debug] call back:{"appid":"wxd9da51e6bae6c3c0","attach":"\u9644\u52a0\u53c2\u6570","bank_type":"CFT","cash_fee":"4","fee_type":"CNY","is_subscribe":"Y","mch_id":"1441217402","nonce_str":"ulkacwwjqc2mcm38qfmruyedwqnpe2lj","openid":"omQYXwNAT5uC15TQqMGxajJzqo4s","out_trade_no":"144121740220180808142348","result_code":"SUCCESS","return_code":"SUCCESS","sign":"17B2D11E22BADA004D6BAA0BC06E4EE71A37BBE0FF0900D7E143CDCD33915C15","time_end":"20180808142358","total_fee":"4","trade_type":"JSAPI","transaction_id":"4200000151201808085101089854"}
[2018-08-08 14:25:05][debug] query:{"appid":"wxd9da51e6bae6c3c0","attach":"\u9644\u52a0\u53c2\u6570","bank_type":"CFT","cash_fee":"4","fee_type":"CNY","is_subscribe":"Y","mch_id":"1441217402","nonce_str":"8H53r0yYGFEpyKHu","openid":"omQYXwNAT5uC15TQqMGxajJzqo4s","out_trade_no":"144121740220180808142348","result_code":"SUCCESS","return_code":"SUCCESS","return_msg":"OK","sign":"7E2FC16A23BF1014277633FA5987849EEBFF2B1810BDE1762DF1EA7246D17381","time_end":"20180808142358","total_fee":"4","trade_state":"SUCCESS","trade_state_desc":"\u652f\u4ed8\u6210\u529f","trade_type":"JSAPI","transaction_id":"4200000151201808085101089854"}
[2018-08-08 14:25:05][debug] call back， return xml:<xml><return_code><![CDATA[SUCCESS]]></return_code><return_msg><![CDATA[OK]]></return_msg></xml>
[2018-08-08 14:25:10][debug] begin notify
[2018-08-08 14:25:10][debug] call back:{"appid":"wxd9da51e6bae6c3c0","attach":"\u9644\u52a0\u53c2\u6570","bank_type":"CFT","cash_fee":"1","fee_type":"CNY","is_subscribe":"Y","mch_id":"1441217402","nonce_str":"cf3gqucjre1sazy6n3heaqlj69uikuk8","openid":"omQYXwAnbPpTEgNYpxhqkRrfcoqE","out_trade_no":"144121740220180808135038","result_code":"SUCCESS","return_code":"SUCCESS","sign":"8F241CAC9C436A01EC9B258FC1A082DF32213C8926788D1E4A99F5CBDB497BDD","time_end":"20180808135101","total_fee":"1","trade_type":"JSAPI","transaction_id":"4200000154201808082168107601"}
[2018-08-08 14:25:10][debug] query:{"appid":"wxd9da51e6bae6c3c0","attach":"\u9644\u52a0\u53c2\u6570","bank_type":"CFT","cash_fee":"1","fee_type":"CNY","is_subscribe":"Y","mch_id":"1441217402","nonce_str":"UhiY5qzCOz2HMLe2","openid":"omQYXwAnbPpTEgNYpxhqkRrfcoqE","out_trade_no":"144121740220180808135038","result_code":"SUCCESS","return_code":"SUCCESS","return_msg":"OK","sign":"9B55AF83AE2B7BFFB9F02E6A5FB5E523AB22F0B26641156CCC9EF9FBC366ED45","time_end":"20180808135102","total_fee":"1","trade_state":"REFUND","trade_state_desc":"\u8ba2\u5355\u53d1\u751f\u8fc7\u9000\u6b3e\uff0c\u9000\u6b3e\u8be6\u60c5\u8bf7\u67e5\u8be2\u9000\u6b3e\u5355","trade_type":"JSAPI","transaction_id":"4200000154201808082168107601"}
[2018-08-08 14:25:10][debug] call back， return xml:<xml><return_code><![CDATA[SUCCESS]]></return_code><return_msg><![CDATA[OK]]></return_msg></xml>
[2018-08-08 14:28:05][debug] begin notify
[2018-08-08 14:28:05][debug] call back:{"appid":"wxd9da51e6bae6c3c0","attach":"\u9644\u52a0\u53c2\u6570","bank_type":"CFT","cash_fee":"4","fee_type":"CNY","is_subscribe":"Y","mch_id":"1441217402","nonce_str":"ulkacwwjqc2mcm38qfmruyedwqnpe2lj","openid":"omQYXwNAT5uC15TQqMGxajJzqo4s","out_trade_no":"144121740220180808142348","result_code":"SUCCESS","return_code":"SUCCESS","sign":"17B2D11E22BADA004D6BAA0BC06E4EE71A37BBE0FF0900D7E143CDCD33915C15","time_end":"20180808142358","total_fee":"4","trade_type":"JSAPI","transaction_id":"4200000151201808085101089854"}
[2018-08-08 14:28:06][debug] query:{"appid":"wxd9da51e6bae6c3c0","attach":"\u9644\u52a0\u53c2\u6570","bank_type":"CFT","cash_fee":"4","fee_type":"CNY","is_subscribe":"Y","mch_id":"1441217402","nonce_str":"sFNamzceWlvLyg6A","openid":"omQYXwNAT5uC15TQqMGxajJzqo4s","out_trade_no":"144121740220180808142348","result_code":"SUCCESS","return_code":"SUCCESS","return_msg":"OK","sign":"4D2AE19CD312F921C5ABD8DA390275B0893073352F8C73673C6030A7450DA8F3","time_end":"20180808142358","total_fee":"4","trade_state":"SUCCESS","trade_state_desc":"\u652f\u4ed8\u6210\u529f","trade_type":"JSAPI","transaction_id":"4200000151201808085101089854"}
[2018-08-08 14:28:06][debug] call back， return xml:<xml><return_code><![CDATA[SUCCESS]]></return_code><return_msg><![CDATA[OK]]></return_msg></xml>
[2018-08-08 14:31:19][debug] begin notify
[2018-08-08 14:31:19][debug] call back:{"appid":"wxd9da51e6bae6c3c0","attach":"\u9644\u52a0\u53c2\u6570","bank_type":"CFT","cash_fee":"2","fee_type":"CNY","is_subscribe":"Y","mch_id":"1441217402","nonce_str":"uawwppt20jufvbz7uy2gpjfdi2143lr3","openid":"omQYXwAnbPpTEgNYpxhqkRrfcoqE","out_trade_no":"144121740220180808143039","result_code":"SUCCESS","return_code":"SUCCESS","sign":"F0C408294754F43A524B601279D3E0E751968369B367B9AFA7CCD1A74404700E","time_end":"20180808143048","total_fee":"2","trade_type":"JSAPI","transaction_id":"4200000151201808085767549903"}
[2018-08-08 14:31:22][debug] begin notify
[2018-08-08 14:31:22][debug] call back， return xml:<xml><return_code><![CDATA[FAIL]]></return_code><return_msg><![CDATA[OK]]></return_msg></xml>
[2018-08-08 14:31:22][debug] call back， return xml:<xml><return_code><![CDATA[FAIL]]></return_code><return_msg><![CDATA[OK]]></return_msg></xml>
[2018-08-08 14:31:22][debug] begin notify
[2018-08-08 14:31:22][debug] call back， return xml:<xml><return_code><![CDATA[FAIL]]></return_code><return_msg><![CDATA[OK]]></return_msg></xml>
[2018-08-08 14:31:22][debug] call back， return xml:<xml><return_code><![CDATA[FAIL]]></return_code><return_msg><![CDATA[OK]]></return_msg></xml>
[2018-08-08 14:31:24][debug] query:{"appid":"wxd9da51e6bae6c3c0","attach":"\u9644\u52a0\u53c2\u6570","bank_type":"CFT","cash_fee":"2","fee_type":"CNY","is_subscribe":"Y","mch_id":"1441217402","nonce_str":"6Nl7cOBr46B6emEP","openid":"omQYXwAnbPpTEgNYpxhqkRrfcoqE","out_trade_no":"144121740220180808143039","result_code":"SUCCESS","return_code":"SUCCESS","return_msg":"OK","sign":"7BA1BD04AF14C463018673BB1CE85FEC4AE66AA45A1E2E2971E263C363AD1551","time_end":"20180808143048","total_fee":"2","trade_state":"SUCCESS","trade_state_desc":"\u652f\u4ed8\u6210\u529f","trade_type":"JSAPI","transaction_id":"4200000151201808085767549903"}
[2018-08-08 14:31:24][debug] call back， return xml:<xml><return_code><![CDATA[SUCCESS]]></return_code><return_msg><![CDATA[OK]]></return_msg></xml>
[2018-08-08 14:31:51][debug] begin notify
[2018-08-08 14:31:51][debug] call back:{"appid":"wxd9da51e6bae6c3c0","attach":"\u9644\u52a0\u53c2\u6570","bank_type":"CFT","cash_fee":"2","fee_type":"CNY","is_subscribe":"Y","mch_id":"1441217402","nonce_str":"uawwppt20jufvbz7uy2gpjfdi2143lr3","openid":"omQYXwAnbPpTEgNYpxhqkRrfcoqE","out_trade_no":"144121740220180808143039","result_code":"SUCCESS","return_code":"SUCCESS","sign":"F0C408294754F43A524B601279D3E0E751968369B367B9AFA7CCD1A74404700E","time_end":"20180808143048","total_fee":"2","trade_type":"JSAPI","transaction_id":"4200000151201808085767549903"}
[2018-08-08 14:31:51][debug] query:{"appid":"wxd9da51e6bae6c3c0","attach":"\u9644\u52a0\u53c2\u6570","bank_type":"CFT","cash_fee":"2","fee_type":"CNY","is_subscribe":"Y","mch_id":"1441217402","nonce_str":"YEexJLNJS5xZQWtL","openid":"omQYXwAnbPpTEgNYpxhqkRrfcoqE","out_trade_no":"144121740220180808143039","result_code":"SUCCESS","return_code":"SUCCESS","return_msg":"OK","sign":"9101973D8D93D4D0276A169F273A703DBE60E597790B76700359989DAA0EFB9E","time_end":"20180808143048","total_fee":"2","trade_state":"SUCCESS","trade_state_desc":"\u652f\u4ed8\u6210\u529f","trade_type":"JSAPI","transaction_id":"4200000151201808085767549903"}
[2018-08-08 14:31:51][debug] call back， return xml:<xml><return_code><![CDATA[SUCCESS]]></return_code><return_msg><![CDATA[OK]]></return_msg></xml>
[2018-08-08 14:34:52][debug] begin notify
[2018-08-08 14:34:52][debug] call back:{"appid":"wxd9da51e6bae6c3c0","attach":"\u9644\u52a0\u53c2\u6570","bank_type":"CFT","cash_fee":"2","fee_type":"CNY","is_subscribe":"Y","mch_id":"1441217402","nonce_str":"uawwppt20jufvbz7uy2gpjfdi2143lr3","openid":"omQYXwAnbPpTEgNYpxhqkRrfcoqE","out_trade_no":"144121740220180808143039","result_code":"SUCCESS","return_code":"SUCCESS","sign":"F0C408294754F43A524B601279D3E0E751968369B367B9AFA7CCD1A74404700E","time_end":"20180808143048","total_fee":"2","trade_type":"JSAPI","transaction_id":"4200000151201808085767549903"}
[2018-08-08 14:34:52][debug] query:{"appid":"wxd9da51e6bae6c3c0","attach":"\u9644\u52a0\u53c2\u6570","bank_type":"CFT","cash_fee":"2","fee_type":"CNY","is_subscribe":"Y","mch_id":"1441217402","nonce_str":"Hr3BWi5zR5ii8VhN","openid":"omQYXwAnbPpTEgNYpxhqkRrfcoqE","out_trade_no":"144121740220180808143039","result_code":"SUCCESS","return_code":"SUCCESS","return_msg":"OK","sign":"45EB192BD902245F8FB49EF5C3343E5F0879FD159A3C7379FFEF853467B777ED","time_end":"20180808143048","total_fee":"2","trade_state":"SUCCESS","trade_state_desc":"\u652f\u4ed8\u6210\u529f","trade_type":"JSAPI","transaction_id":"4200000151201808085767549903"}
[2018-08-08 14:34:52][debug] call back， return xml:<xml><return_code><![CDATA[SUCCESS]]></return_code><return_msg><![CDATA[OK]]></return_msg></xml>
[2018-08-08 14:45:00][debug] begin notify
[2018-08-08 14:45:00][debug] call back:{"appid":"wxd9da51e6bae6c3c0","attach":"\u9644\u52a0\u53c2\u6570","bank_type":"CFT","cash_fee":"4","fee_type":"CNY","is_subscribe":"Y","mch_id":"1441217402","nonce_str":"qvist36iq2yhn8fe0fvwxz6h9gjonjdk","openid":"omQYXwNAT5uC15TQqMGxajJzqo4s","out_trade_no":"144121740220180808144423","result_code":"SUCCESS","return_code":"SUCCESS","sign":"645C93E5B02A544F5F86570A94BAE88678B149FC2C4ECC722CFB9B92E81AE053","time_end":"20180808144443","total_fee":"4","trade_type":"JSAPI","transaction_id":"4200000153201808086659771913"}
[2018-08-08 14:45:00][debug] query:{"appid":"wxd9da51e6bae6c3c0","attach":"\u9644\u52a0\u53c2\u6570","bank_type":"CFT","cash_fee":"4","fee_type":"CNY","is_subscribe":"Y","mch_id":"1441217402","nonce_str":"Tfe7Bg6yuorJEhYD","openid":"omQYXwNAT5uC15TQqMGxajJzqo4s","out_trade_no":"144121740220180808144423","result_code":"SUCCESS","return_code":"SUCCESS","return_msg":"OK","sign":"090EA6C90C124D1A16D9D9DEF76322BA8DE5677921242E33DB533C70AAC4999D","time_end":"20180808144443","total_fee":"4","trade_state":"SUCCESS","trade_state_desc":"\u652f\u4ed8\u6210\u529f","trade_type":"JSAPI","transaction_id":"4200000153201808086659771913"}
[2018-08-08 14:45:00][debug] call back， return xml:<xml><return_code><![CDATA[SUCCESS]]></return_code><return_msg><![CDATA[OK]]></return_msg></xml>
[2018-08-08 14:45:15][debug] begin notify
[2018-08-08 14:45:15][debug] call back:{"appid":"wxd9da51e6bae6c3c0","attach":"\u9644\u52a0\u53c2\u6570","bank_type":"CFT","cash_fee":"4","fee_type":"CNY","is_subscribe":"Y","mch_id":"1441217402","nonce_str":"qvist36iq2yhn8fe0fvwxz6h9gjonjdk","openid":"omQYXwNAT5uC15TQqMGxajJzqo4s","out_trade_no":"144121740220180808144423","result_code":"SUCCESS","return_code":"SUCCESS","sign":"645C93E5B02A544F5F86570A94BAE88678B149FC2C4ECC722CFB9B92E81AE053","time_end":"20180808144443","total_fee":"4","trade_type":"JSAPI","transaction_id":"4200000153201808086659771913"}
[2018-08-08 14:45:18][debug] query:{"appid":"wxd9da51e6bae6c3c0","attach":"\u9644\u52a0\u53c2\u6570","bank_type":"CFT","cash_fee":"4","fee_type":"CNY","is_subscribe":"Y","mch_id":"1441217402","nonce_str":"AGkCWsbdH3U2H3zf","openid":"omQYXwNAT5uC15TQqMGxajJzqo4s","out_trade_no":"144121740220180808144423","result_code":"SUCCESS","return_code":"SUCCESS","return_msg":"OK","sign":"0735DF326E1C4698B6148A63FD10A3C6747D4AE24DF8F03848FF3686591A0CB7","time_end":"20180808144443","total_fee":"4","trade_state":"SUCCESS","trade_state_desc":"\u652f\u4ed8\u6210\u529f","trade_type":"JSAPI","transaction_id":"4200000153201808086659771913"}
[2018-08-08 14:45:18][debug] call back， return xml:<xml><return_code><![CDATA[SUCCESS]]></return_code><return_msg><![CDATA[OK]]></return_msg></xml>
[2018-08-08 14:45:46][debug] begin notify
[2018-08-08 14:45:46][debug] call back:{"appid":"wxd9da51e6bae6c3c0","attach":"\u9644\u52a0\u53c2\u6570","bank_type":"CFT","cash_fee":"4","fee_type":"CNY","is_subscribe":"Y","mch_id":"1441217402","nonce_str":"qvist36iq2yhn8fe0fvwxz6h9gjonjdk","openid":"omQYXwNAT5uC15TQqMGxajJzqo4s","out_trade_no":"144121740220180808144423","result_code":"SUCCESS","return_code":"SUCCESS","sign":"645C93E5B02A544F5F86570A94BAE88678B149FC2C4ECC722CFB9B92E81AE053","time_end":"20180808144443","total_fee":"4","trade_type":"JSAPI","transaction_id":"4200000153201808086659771913"}
[2018-08-08 14:45:47][debug] query:{"appid":"wxd9da51e6bae6c3c0","attach":"\u9644\u52a0\u53c2\u6570","bank_type":"CFT","cash_fee":"4","fee_type":"CNY","is_subscribe":"Y","mch_id":"1441217402","nonce_str":"Rs0TPY29xGrXN2is","openid":"omQYXwNAT5uC15TQqMGxajJzqo4s","out_trade_no":"144121740220180808144423","result_code":"SUCCESS","return_code":"SUCCESS","return_msg":"OK","sign":"F26C2249AB140BCAEA684A7A8A0249BA08F3CB07B3026CCC02F6805D94D188DB","time_end":"20180808144443","total_fee":"4","trade_state":"SUCCESS","trade_state_desc":"\u652f\u4ed8\u6210\u529f","trade_type":"JSAPI","transaction_id":"4200000153201808086659771913"}
[2018-08-08 14:45:47][debug] call back， return xml:<xml><return_code><![CDATA[SUCCESS]]></return_code><return_msg><![CDATA[OK]]></return_msg></xml>
[2018-08-08 14:58:07][debug] begin notify
[2018-08-08 14:58:07][debug] call back:{"appid":"wxd9da51e6bae6c3c0","attach":"\u9644\u52a0\u53c2\u6570","bank_type":"CFT","cash_fee":"4","fee_type":"CNY","is_subscribe":"Y","mch_id":"1441217402","nonce_str":"ulkacwwjqc2mcm38qfmruyedwqnpe2lj","openid":"omQYXwNAT5uC15TQqMGxajJzqo4s","out_trade_no":"144121740220180808142348","result_code":"SUCCESS","return_code":"SUCCESS","sign":"17B2D11E22BADA004D6BAA0BC06E4EE71A37BBE0FF0900D7E143CDCD33915C15","time_end":"20180808142358","total_fee":"4","trade_type":"JSAPI","transaction_id":"4200000151201808085101089854"}
[2018-08-08 14:58:11][debug] query:{"appid":"wxd9da51e6bae6c3c0","attach":"\u9644\u52a0\u53c2\u6570","bank_type":"CFT","cash_fee":"4","fee_type":"CNY","is_subscribe":"Y","mch_id":"1441217402","nonce_str":"X6ewPdZ5lXyv4LcU","openid":"omQYXwNAT5uC15TQqMGxajJzqo4s","out_trade_no":"144121740220180808142348","result_code":"SUCCESS","return_code":"SUCCESS","return_msg":"OK","sign":"68A08C57160000B9B1B624D626DDD6255AA8812DD5172514301B5ECE74F7B838","time_end":"20180808142358","total_fee":"4","trade_state":"REFUND","trade_state_desc":"\u8ba2\u5355\u53d1\u751f\u8fc7\u9000\u6b3e\uff0c\u9000\u6b3e\u8be6\u60c5\u8bf7\u67e5\u8be2\u9000\u6b3e\u5355","trade_type":"JSAPI","transaction_id":"4200000151201808085101089854"}
[2018-08-08 14:58:11][debug] call back， return xml:<xml><return_code><![CDATA[SUCCESS]]></return_code><return_msg><![CDATA[OK]]></return_msg></xml>
[2018-08-08 14:58:20][debug] begin notify
[2018-08-08 14:58:20][debug] call back， return xml:<xml><return_code><![CDATA[FAIL]]></return_code><return_msg><![CDATA[OK]]></return_msg></xml>
[2018-08-08 14:58:20][debug] call back， return xml:<xml><return_code><![CDATA[FAIL]]></return_code><return_msg><![CDATA[OK]]></return_msg></xml>
[2018-08-08 14:58:20][debug] begin notify
[2018-08-08 14:58:20][debug] call back， return xml:<xml><return_code><![CDATA[FAIL]]></return_code><return_msg><![CDATA[OK]]></return_msg></xml>
[2018-08-08 14:58:20][debug] call back， return xml:<xml><return_code><![CDATA[FAIL]]></return_code><return_msg><![CDATA[OK]]></return_msg></xml>
[2018-08-08 14:59:23][debug] begin notify
[2018-08-08 14:59:23][debug] call back， return xml:<xml><return_code><![CDATA[FAIL]]></return_code><return_msg><![CDATA[OK]]></return_msg></xml>
[2018-08-08 14:59:23][debug] call back， return xml:<xml><return_code><![CDATA[FAIL]]></return_code><return_msg><![CDATA[OK]]></return_msg></xml>
[2018-08-08 14:59:24][debug] begin notify
[2018-08-08 14:59:24][debug] call back， return xml:<xml><return_code><![CDATA[FAIL]]></return_code><return_msg><![CDATA[OK]]></return_msg></xml>
[2018-08-08 14:59:24][debug] call back， return xml:<xml><return_code><![CDATA[FAIL]]></return_code><return_msg><![CDATA[OK]]></return_msg></xml>
[2018-08-08 15:01:31][debug] begin notify
[2018-08-08 15:01:31][debug] call back:{"appid":"wxd9da51e6bae6c3c0","attach":"\u9644\u52a0\u53c2\u6570","bank_type":"CFT","cash_fee":"1","fee_type":"CNY","is_subscribe":"Y","mch_id":"1441217402","nonce_str":"ady5tfzvl8jbzv9jfy18po26vpxeuo1p","openid":"omQYXwNAT5uC15TQqMGxajJzqo4s","out_trade_no":"144121740220180808115708","result_code":"SUCCESS","return_code":"SUCCESS","sign":"12BF44CD8FE4504BD61710DA67D7AA4CED29597CE5177207AD1E634E70A1D882","time_end":"20180808115718","total_fee":"1","trade_type":"JSAPI","transaction_id":"4200000157201808081610576849"}
[2018-08-08 15:01:31][debug] query:{"appid":"wxd9da51e6bae6c3c0","attach":"\u9644\u52a0\u53c2\u6570","bank_type":"CFT","cash_fee":"1","fee_type":"CNY","is_subscribe":"Y","mch_id":"1441217402","nonce_str":"xLINhZ7ZdF1Wkbtt","openid":"omQYXwNAT5uC15TQqMGxajJzqo4s","out_trade_no":"144121740220180808115708","result_code":"SUCCESS","return_code":"SUCCESS","return_msg":"OK","sign":"8734531EF4A08C6650494AE9DE387685A21A5E1EC63FC0DCD5C3AD92DE15CDD8","time_end":"20180808115718","total_fee":"1","trade_state":"REFUND","trade_state_desc":"\u8ba2\u5355\u53d1\u751f\u8fc7\u9000\u6b3e\uff0c\u9000\u6b3e\u8be6\u60c5\u8bf7\u67e5\u8be2\u9000\u6b3e\u5355","trade_type":"JSAPI","transaction_id":"4200000157201808081610576849"}
[2018-08-08 15:01:31][debug] call back， return xml:<xml><return_code><![CDATA[SUCCESS]]></return_code><return_msg><![CDATA[OK]]></return_msg></xml>
[2018-08-08 15:04:01][debug] begin notify
[2018-08-08 15:04:01][debug] call back:{"appid":"wxd9da51e6bae6c3c0","attach":"\u9644\u52a0\u53c2\u6570","bank_type":"CFT","cash_fee":"2","fee_type":"CNY","is_subscribe":"Y","mch_id":"1441217402","nonce_str":"7nfpa6cytp0f10o80e12ma64q9x4sgaz","openid":"omQYXwNAT5uC15TQqMGxajJzqo4s","out_trade_no":"144121740220180808150351","result_code":"SUCCESS","return_code":"SUCCESS","sign":"3FBFFEAACD6C0E51F713280C50BE3E0F6D9BB5CCCBB0300857D06EFFB288B7DA","time_end":"20180808150400","total_fee":"2","trade_type":"JSAPI","transaction_id":"4200000156201808082148661025"}
[2018-08-08 15:04:17][debug] begin notify
[2018-08-08 15:04:17][debug] call back:{"appid":"wxd9da51e6bae6c3c0","attach":"\u9644\u52a0\u53c2\u6570","bank_type":"CFT","cash_fee":"2","fee_type":"CNY","is_subscribe":"Y","mch_id":"1441217402","nonce_str":"7nfpa6cytp0f10o80e12ma64q9x4sgaz","openid":"omQYXwNAT5uC15TQqMGxajJzqo4s","out_trade_no":"144121740220180808150351","result_code":"SUCCESS","return_code":"SUCCESS","sign":"3FBFFEAACD6C0E51F713280C50BE3E0F6D9BB5CCCBB0300857D06EFFB288B7DA","time_end":"20180808150400","total_fee":"2","trade_type":"JSAPI","transaction_id":"4200000156201808082148661025"}
[2018-08-08 15:04:18][debug] query:{"appid":"wxd9da51e6bae6c3c0","attach":"\u9644\u52a0\u53c2\u6570","bank_type":"CFT","cash_fee":"2","fee_type":"CNY","is_subscribe":"Y","mch_id":"1441217402","nonce_str":"yMiVYdusWvybJBen","openid":"omQYXwNAT5uC15TQqMGxajJzqo4s","out_trade_no":"144121740220180808150351","result_code":"SUCCESS","return_code":"SUCCESS","return_msg":"OK","sign":"29A7DBF5F203A30F449A28596E5AFEE72DA3F0C131F25F4EBFEB828D645883A0","time_end":"20180808150400","total_fee":"2","trade_state":"SUCCESS","trade_state_desc":"\u652f\u4ed8\u6210\u529f","trade_type":"JSAPI","transaction_id":"4200000156201808082148661025"}
[2018-08-08 15:04:18][debug] call back， return xml:<xml><return_code><![CDATA[SUCCESS]]></return_code><return_msg><![CDATA[OK]]></return_msg></xml>
[2018-08-08 15:04:33][debug] begin notify
[2018-08-08 15:04:33][debug] call back:{"appid":"wxd9da51e6bae6c3c0","attach":"\u9644\u52a0\u53c2\u6570","bank_type":"CFT","cash_fee":"2","fee_type":"CNY","is_subscribe":"Y","mch_id":"1441217402","nonce_str":"7nfpa6cytp0f10o80e12ma64q9x4sgaz","openid":"omQYXwNAT5uC15TQqMGxajJzqo4s","out_trade_no":"144121740220180808150351","result_code":"SUCCESS","return_code":"SUCCESS","sign":"3FBFFEAACD6C0E51F713280C50BE3E0F6D9BB5CCCBB0300857D06EFFB288B7DA","time_end":"20180808150400","total_fee":"2","trade_type":"JSAPI","transaction_id":"4200000156201808082148661025"}
[2018-08-08 15:04:33][debug] query:{"appid":"wxd9da51e6bae6c3c0","attach":"\u9644\u52a0\u53c2\u6570","bank_type":"CFT","cash_fee":"2","fee_type":"CNY","is_subscribe":"Y","mch_id":"1441217402","nonce_str":"agmMxhFJIjFPeHzj","openid":"omQYXwNAT5uC15TQqMGxajJzqo4s","out_trade_no":"144121740220180808150351","result_code":"SUCCESS","return_code":"SUCCESS","return_msg":"OK","sign":"68635D05572D8FA363CCE8C88DBE08DA48EFD62EDF5FD2D45E12C41E761F05DE","time_end":"20180808150400","total_fee":"2","trade_state":"SUCCESS","trade_state_desc":"\u652f\u4ed8\u6210\u529f","trade_type":"JSAPI","transaction_id":"4200000156201808082148661025"}
[2018-08-08 15:04:33][debug] call back， return xml:<xml><return_code><![CDATA[SUCCESS]]></return_code><return_msg><![CDATA[OK]]></return_msg></xml>
[2018-08-08 15:04:54][debug] begin notify
[2018-08-08 15:04:54][debug] call back:{"appid":"wxd9da51e6bae6c3c0","attach":"\u9644\u52a0\u53c2\u6570","bank_type":"CFT","cash_fee":"2","fee_type":"CNY","is_subscribe":"Y","mch_id":"1441217402","nonce_str":"uawwppt20jufvbz7uy2gpjfdi2143lr3","openid":"omQYXwAnbPpTEgNYpxhqkRrfcoqE","out_trade_no":"144121740220180808143039","result_code":"SUCCESS","return_code":"SUCCESS","sign":"F0C408294754F43A524B601279D3E0E751968369B367B9AFA7CCD1A74404700E","time_end":"20180808143048","total_fee":"2","trade_type":"JSAPI","transaction_id":"4200000151201808085767549903"}
[2018-08-08 15:04:58][debug] query:{"appid":"wxd9da51e6bae6c3c0","attach":"\u9644\u52a0\u53c2\u6570","bank_type":"CFT","cash_fee":"2","fee_type":"CNY","is_subscribe":"Y","mch_id":"1441217402","nonce_str":"N12RmeS1VQUF225s","openid":"omQYXwAnbPpTEgNYpxhqkRrfcoqE","out_trade_no":"144121740220180808143039","result_code":"SUCCESS","return_code":"SUCCESS","return_msg":"OK","sign":"140AFECA553D4EC60C986FC4700054075A6C26EB192CABA099E5C0E558A318AA","time_end":"20180808143048","total_fee":"2","trade_state":"SUCCESS","trade_state_desc":"\u652f\u4ed8\u6210\u529f","trade_type":"JSAPI","transaction_id":"4200000151201808085767549903"}
[2018-08-08 15:04:58][debug] call back， return xml:<xml><return_code><![CDATA[SUCCESS]]></return_code><return_msg><![CDATA[OK]]></return_msg></xml>
[2018-08-08 15:05:03][debug] begin notify
[2018-08-08 15:05:03][debug] call back:{"appid":"wxd9da51e6bae6c3c0","attach":"\u9644\u52a0\u53c2\u6570","bank_type":"CFT","cash_fee":"2","fee_type":"CNY","is_subscribe":"Y","mch_id":"1441217402","nonce_str":"7nfpa6cytp0f10o80e12ma64q9x4sgaz","openid":"omQYXwNAT5uC15TQqMGxajJzqo4s","out_trade_no":"144121740220180808150351","result_code":"SUCCESS","return_code":"SUCCESS","sign":"3FBFFEAACD6C0E51F713280C50BE3E0F6D9BB5CCCBB0300857D06EFFB288B7DA","time_end":"20180808150400","total_fee":"2","trade_type":"JSAPI","transaction_id":"4200000156201808082148661025"}
[2018-08-08 15:05:07][debug] query:{"appid":"wxd9da51e6bae6c3c0","attach":"\u9644\u52a0\u53c2\u6570","bank_type":"CFT","cash_fee":"2","fee_type":"CNY","is_subscribe":"Y","mch_id":"1441217402","nonce_str":"8ixrFg2pLiiSKfpY","openid":"omQYXwNAT5uC15TQqMGxajJzqo4s","out_trade_no":"144121740220180808150351","result_code":"SUCCESS","return_code":"SUCCESS","return_msg":"OK","sign":"4B229BCA3C5AF2F6D32ECBFBC612F9D49B8ECA583D255F4360525AC8DA0C2276","time_end":"20180808150400","total_fee":"2","trade_state":"SUCCESS","trade_state_desc":"\u652f\u4ed8\u6210\u529f","trade_type":"JSAPI","transaction_id":"4200000156201808082148661025"}
[2018-08-08 15:05:07][debug] call back， return xml:<xml><return_code><![CDATA[SUCCESS]]></return_code><return_msg><![CDATA[OK]]></return_msg></xml>
[2018-08-08 15:18:48][debug] begin notify
[2018-08-08 15:18:48][debug] call back:{"appid":"wxd9da51e6bae6c3c0","attach":"\u9644\u52a0\u53c2\u6570","bank_type":"CFT","cash_fee":"4","fee_type":"CNY","is_subscribe":"Y","mch_id":"1441217402","nonce_str":"qvist36iq2yhn8fe0fvwxz6h9gjonjdk","openid":"omQYXwNAT5uC15TQqMGxajJzqo4s","out_trade_no":"144121740220180808144423","result_code":"SUCCESS","return_code":"SUCCESS","sign":"645C93E5B02A544F5F86570A94BAE88678B149FC2C4ECC722CFB9B92E81AE053","time_end":"20180808144443","total_fee":"4","trade_type":"JSAPI","transaction_id":"4200000153201808086659771913"}
[2018-08-08 15:18:48][debug] query:{"appid":"wxd9da51e6bae6c3c0","attach":"\u9644\u52a0\u53c2\u6570","bank_type":"CFT","cash_fee":"4","fee_type":"CNY","is_subscribe":"Y","mch_id":"1441217402","nonce_str":"HYagGwUOToPxPOH0","openid":"omQYXwNAT5uC15TQqMGxajJzqo4s","out_trade_no":"144121740220180808144423","result_code":"SUCCESS","return_code":"SUCCESS","return_msg":"OK","sign":"5188F30EA22BCDDDADC795873C05BAE54084C530ADC4AD1F843E04FAA927C4F3","time_end":"20180808144443","total_fee":"4","trade_state":"REFUND","trade_state_desc":"\u8ba2\u5355\u53d1\u751f\u8fc7\u9000\u6b3e\uff0c\u9000\u6b3e\u8be6\u60c5\u8bf7\u67e5\u8be2\u9000\u6b3e\u5355","trade_type":"JSAPI","transaction_id":"4200000153201808086659771913"}
[2018-08-08 15:18:48][debug] call back， return xml:<xml><return_code><![CDATA[SUCCESS]]></return_code><return_msg><![CDATA[OK]]></return_msg></xml>
[2018-08-08 15:22:49][debug] begin notify
[2018-08-08 15:22:49][debug] call back:{"appid":"wxd9da51e6bae6c3c0","attach":"\u9644\u52a0\u53c2\u6570","bank_type":"CFT","cash_fee":"1","fee_type":"CNY","is_subscribe":"Y","mch_id":"1441217402","nonce_str":"3kg4u0t375vwg7pvodu55i8vp9d4duzs","openid":"omQYXwNAT5uC15TQqMGxajJzqo4s","out_trade_no":"144121740220180808152239","result_code":"SUCCESS","return_code":"SUCCESS","sign":"65BA5FFA37133ADD778DC155B83A082BDA2854366077B882D06CE0A3139A9336","time_end":"20180808152248","total_fee":"1","trade_type":"JSAPI","transaction_id":"4200000140201808084195671168"}
[2018-08-08 15:22:50][debug] query:{"appid":"wxd9da51e6bae6c3c0","attach":"\u9644\u52a0\u53c2\u6570","bank_type":"CFT","cash_fee":"1","fee_type":"CNY","is_subscribe":"Y","mch_id":"1441217402","nonce_str":"mfJHV5oZwUi4i8VU","openid":"omQYXwNAT5uC15TQqMGxajJzqo4s","out_trade_no":"144121740220180808152239","result_code":"SUCCESS","return_code":"SUCCESS","return_msg":"OK","sign":"00A145D753F583B0EAC1653B5F95E562B4F3C91A01B96E167928638C37C0130E","time_end":"20180808152248","total_fee":"1","trade_state":"SUCCESS","trade_state_desc":"\u652f\u4ed8\u6210\u529f","trade_type":"JSAPI","transaction_id":"4200000140201808084195671168"}
[2018-08-08 15:22:50][debug] call back， return xml:<xml><return_code><![CDATA[SUCCESS]]></return_code><return_msg><![CDATA[OK]]></return_msg></xml>
[2018-08-08 15:23:05][debug] begin notify
[2018-08-08 15:23:05][debug] call back:{"appid":"wxd9da51e6bae6c3c0","attach":"\u9644\u52a0\u53c2\u6570","bank_type":"CFT","cash_fee":"1","fee_type":"CNY","is_subscribe":"Y","mch_id":"1441217402","nonce_str":"3kg4u0t375vwg7pvodu55i8vp9d4duzs","openid":"omQYXwNAT5uC15TQqMGxajJzqo4s","out_trade_no":"144121740220180808152239","result_code":"SUCCESS","return_code":"SUCCESS","sign":"65BA5FFA37133ADD778DC155B83A082BDA2854366077B882D06CE0A3139A9336","time_end":"20180808152248","total_fee":"1","trade_type":"JSAPI","transaction_id":"4200000140201808084195671168"}
[2018-08-08 15:23:06][debug] query:{"appid":"wxd9da51e6bae6c3c0","attach":"\u9644\u52a0\u53c2\u6570","bank_type":"CFT","cash_fee":"1","fee_type":"CNY","is_subscribe":"Y","mch_id":"1441217402","nonce_str":"Gbd8f4rsJEQ586Cn","openid":"omQYXwNAT5uC15TQqMGxajJzqo4s","out_trade_no":"144121740220180808152239","result_code":"SUCCESS","return_code":"SUCCESS","return_msg":"OK","sign":"8CDDBA088516A95DEEA45B5B73FF7D95FF8024C4EEB61492D2224A46A7C32706","time_end":"20180808152248","total_fee":"1","trade_state":"SUCCESS","trade_state_desc":"\u652f\u4ed8\u6210\u529f","trade_type":"JSAPI","transaction_id":"4200000140201808084195671168"}
[2018-08-08 15:23:06][debug] call back， return xml:<xml><return_code><![CDATA[SUCCESS]]></return_code><return_msg><![CDATA[OK]]></return_msg></xml>
[2018-08-08 15:23:21][debug] begin notify
[2018-08-08 15:23:21][debug] call back:{"appid":"wxd9da51e6bae6c3c0","attach":"\u9644\u52a0\u53c2\u6570","bank_type":"CFT","cash_fee":"1","fee_type":"CNY","is_subscribe":"Y","mch_id":"1441217402","nonce_str":"3kg4u0t375vwg7pvodu55i8vp9d4duzs","openid":"omQYXwNAT5uC15TQqMGxajJzqo4s","out_trade_no":"144121740220180808152239","result_code":"SUCCESS","return_code":"SUCCESS","sign":"65BA5FFA37133ADD778DC155B83A082BDA2854366077B882D06CE0A3139A9336","time_end":"20180808152248","total_fee":"1","trade_type":"JSAPI","transaction_id":"4200000140201808084195671168"}
[2018-08-08 15:23:22][debug] query:{"appid":"wxd9da51e6bae6c3c0","attach":"\u9644\u52a0\u53c2\u6570","bank_type":"CFT","cash_fee":"1","fee_type":"CNY","is_subscribe":"Y","mch_id":"1441217402","nonce_str":"H9S6uiApA89VVyyQ","openid":"omQYXwNAT5uC15TQqMGxajJzqo4s","out_trade_no":"144121740220180808152239","result_code":"SUCCESS","return_code":"SUCCESS","return_msg":"OK","sign":"75A32048DA8ED76AAFA4C73966133599A7D39391C3CC1D67F8A33F8D2E8F78E9","time_end":"20180808152248","total_fee":"1","trade_state":"SUCCESS","trade_state_desc":"\u652f\u4ed8\u6210\u529f","trade_type":"JSAPI","transaction_id":"4200000140201808084195671168"}
[2018-08-08 15:23:22][debug] call back， return xml:<xml><return_code><![CDATA[SUCCESS]]></return_code><return_msg><![CDATA[OK]]></return_msg></xml>
[2018-08-08 15:23:53][debug] begin notify
[2018-08-08 15:23:53][debug] call back:{"appid":"wxd9da51e6bae6c3c0","attach":"\u9644\u52a0\u53c2\u6570","bank_type":"CFT","cash_fee":"1","fee_type":"CNY","is_subscribe":"Y","mch_id":"1441217402","nonce_str":"3kg4u0t375vwg7pvodu55i8vp9d4duzs","openid":"omQYXwNAT5uC15TQqMGxajJzqo4s","out_trade_no":"144121740220180808152239","result_code":"SUCCESS","return_code":"SUCCESS","sign":"65BA5FFA37133ADD778DC155B83A082BDA2854366077B882D06CE0A3139A9336","time_end":"20180808152248","total_fee":"1","trade_type":"JSAPI","transaction_id":"4200000140201808084195671168"}
[2018-08-08 15:23:54][debug] query:{"appid":"wxd9da51e6bae6c3c0","attach":"\u9644\u52a0\u53c2\u6570","bank_type":"CFT","cash_fee":"1","fee_type":"CNY","is_subscribe":"Y","mch_id":"1441217402","nonce_str":"Qxj44cpidCFCSS0z","openid":"omQYXwNAT5uC15TQqMGxajJzqo4s","out_trade_no":"144121740220180808152239","result_code":"SUCCESS","return_code":"SUCCESS","return_msg":"OK","sign":"A13BA0C580E9E074BB72E89364ABCF07763C10CD16EF2ED6DCB01D2F595ECF89","time_end":"20180808152248","total_fee":"1","trade_state":"SUCCESS","trade_state_desc":"\u652f\u4ed8\u6210\u529f","trade_type":"JSAPI","transaction_id":"4200000140201808084195671168"}
[2018-08-08 15:23:54][debug] call back， return xml:<xml><return_code><![CDATA[SUCCESS]]></return_code><return_msg><![CDATA[OK]]></return_msg></xml>
[2018-08-08 15:25:14][debug] begin notify
[2018-08-08 15:25:14][debug] call back:{"appid":"wxd9da51e6bae6c3c0","attach":"\u9644\u52a0\u53c2\u6570","bank_type":"CFT","cash_fee":"1","fee_type":"CNY","is_subscribe":"Y","mch_id":"1441217402","nonce_str":"cf3gqucjre1sazy6n3heaqlj69uikuk8","openid":"omQYXwAnbPpTEgNYpxhqkRrfcoqE","out_trade_no":"144121740220180808135038","result_code":"SUCCESS","return_code":"SUCCESS","sign":"8F241CAC9C436A01EC9B258FC1A082DF32213C8926788D1E4A99F5CBDB497BDD","time_end":"20180808135101","total_fee":"1","trade_type":"JSAPI","transaction_id":"4200000154201808082168107601"}
[2018-08-08 15:25:15][debug] query:{"appid":"wxd9da51e6bae6c3c0","attach":"\u9644\u52a0\u53c2\u6570","bank_type":"CFT","cash_fee":"1","fee_type":"CNY","is_subscribe":"Y","mch_id":"1441217402","nonce_str":"drA4IJ1FMqkQvFG0","openid":"omQYXwAnbPpTEgNYpxhqkRrfcoqE","out_trade_no":"144121740220180808135038","result_code":"SUCCESS","return_code":"SUCCESS","return_msg":"OK","sign":"117232EDDBF530CFF7A58B85D9C5EDDC4B6CE5F56DCBED639B0B9295257B1D72","time_end":"20180808135102","total_fee":"1","trade_state":"REFUND","trade_state_desc":"\u8ba2\u5355\u53d1\u751f\u8fc7\u9000\u6b3e\uff0c\u9000\u6b3e\u8be6\u60c5\u8bf7\u67e5\u8be2\u9000\u6b3e\u5355","trade_type":"JSAPI","transaction_id":"4200000154201808082168107601"}
[2018-08-08 15:25:15][debug] call back， return xml:<xml><return_code><![CDATA[SUCCESS]]></return_code><return_msg><![CDATA[OK]]></return_msg></xml>
[2018-08-08 15:26:54][debug] begin notify
[2018-08-08 15:26:54][debug] call back:{"appid":"wxd9da51e6bae6c3c0","attach":"\u9644\u52a0\u53c2\u6570","bank_type":"CFT","cash_fee":"1","fee_type":"CNY","is_subscribe":"Y","mch_id":"1441217402","nonce_str":"3kg4u0t375vwg7pvodu55i8vp9d4duzs","openid":"omQYXwNAT5uC15TQqMGxajJzqo4s","out_trade_no":"144121740220180808152239","result_code":"SUCCESS","return_code":"SUCCESS","sign":"65BA5FFA37133ADD778DC155B83A082BDA2854366077B882D06CE0A3139A9336","time_end":"20180808152248","total_fee":"1","trade_type":"JSAPI","transaction_id":"4200000140201808084195671168"}
[2018-08-08 15:26:55][debug] query:{"appid":"wxd9da51e6bae6c3c0","attach":"\u9644\u52a0\u53c2\u6570","bank_type":"CFT","cash_fee":"1","fee_type":"CNY","is_subscribe":"Y","mch_id":"1441217402","nonce_str":"rsKxv5GjESteMT7V","openid":"omQYXwNAT5uC15TQqMGxajJzqo4s","out_trade_no":"144121740220180808152239","result_code":"SUCCESS","return_code":"SUCCESS","return_msg":"OK","sign":"8A37BF63BBDB562330899009B31F74E5359789C61405187FABB26DEB8E3E807F","time_end":"20180808152248","total_fee":"1","trade_state":"SUCCESS","trade_state_desc":"\u652f\u4ed8\u6210\u529f","trade_type":"JSAPI","transaction_id":"4200000140201808084195671168"}
[2018-08-08 15:26:55][debug] call back， return xml:<xml><return_code><![CDATA[SUCCESS]]></return_code><return_msg><![CDATA[OK]]></return_msg></xml>
[2018-08-08 15:28:08][debug] begin notify
[2018-08-08 15:28:08][debug] call back:{"appid":"wxd9da51e6bae6c3c0","attach":"\u9644\u52a0\u53c2\u6570","bank_type":"CFT","cash_fee":"4","fee_type":"CNY","is_subscribe":"Y","mch_id":"1441217402","nonce_str":"ulkacwwjqc2mcm38qfmruyedwqnpe2lj","openid":"omQYXwNAT5uC15TQqMGxajJzqo4s","out_trade_no":"144121740220180808142348","result_code":"SUCCESS","return_code":"SUCCESS","sign":"17B2D11E22BADA004D6BAA0BC06E4EE71A37BBE0FF0900D7E143CDCD33915C15","time_end":"20180808142358","total_fee":"4","trade_type":"JSAPI","transaction_id":"4200000151201808085101089854"}
[2018-08-08 15:28:09][debug] query:{"appid":"wxd9da51e6bae6c3c0","attach":"\u9644\u52a0\u53c2\u6570","bank_type":"CFT","cash_fee":"4","fee_type":"CNY","is_subscribe":"Y","mch_id":"1441217402","nonce_str":"mMgVHUxbly9cnIhw","openid":"omQYXwNAT5uC15TQqMGxajJzqo4s","out_trade_no":"144121740220180808142348","result_code":"SUCCESS","return_code":"SUCCESS","return_msg":"OK","sign":"0A05E7A18BE9B43F499CFE229D96E79F61F9C0410810420E3EC1A017D0ECD26A","time_end":"20180808142358","total_fee":"4","trade_state":"REFUND","trade_state_desc":"\u8ba2\u5355\u53d1\u751f\u8fc7\u9000\u6b3e\uff0c\u9000\u6b3e\u8be6\u60c5\u8bf7\u67e5\u8be2\u9000\u6b3e\u5355","trade_type":"JSAPI","transaction_id":"4200000151201808085101089854"}
[2018-08-08 15:28:09][debug] call back， return xml:<xml><return_code><![CDATA[SUCCESS]]></return_code><return_msg><![CDATA[OK]]></return_msg></xml>
[2018-08-08 15:31:48][debug] begin notify
[2018-08-08 15:31:48][debug] call back:{"appid":"wxd9da51e6bae6c3c0","attach":"\u9644\u52a0\u53c2\u6570","bank_type":"CFT","cash_fee":"1","fee_type":"CNY","is_subscribe":"Y","mch_id":"1441217402","nonce_str":"ebhtbux27ctahyp3b68p71lccr6mma05","openid":"omQYXwNAT5uC15TQqMGxajJzqo4s","out_trade_no":"144121740220180808153139","result_code":"SUCCESS","return_code":"SUCCESS","sign":"A0746A97A59EBC0486A63E80CAF29FB7DE05AC3F16F28DC31369CC86B1CEA917","time_end":"20180808153147","total_fee":"1","trade_type":"JSAPI","transaction_id":"4200000145201808087002735232"}
[2018-08-08 15:31:49][debug] query:{"appid":"wxd9da51e6bae6c3c0","attach":"\u9644\u52a0\u53c2\u6570","bank_type":"CFT","cash_fee":"1","fee_type":"CNY","is_subscribe":"Y","mch_id":"1441217402","nonce_str":"AmAqP3W5KWnhqESy","openid":"omQYXwNAT5uC15TQqMGxajJzqo4s","out_trade_no":"144121740220180808153139","result_code":"SUCCESS","return_code":"SUCCESS","return_msg":"OK","sign":"79166C21CDDC7FD68F188AF634DE1491E9F4086527C09D21FB981B486ABF427E","time_end":"20180808153147","total_fee":"1","trade_state":"SUCCESS","trade_state_desc":"\u652f\u4ed8\u6210\u529f","trade_type":"JSAPI","transaction_id":"4200000145201808087002735232"}
[2018-08-08 15:31:49][debug] call back， return xml:<xml><return_code><![CDATA[SUCCESS]]></return_code><return_msg><![CDATA[OK]]></return_msg></xml>
[2018-08-08 15:32:04][debug] begin notify
[2018-08-08 15:32:04][debug] call back:{"appid":"wxd9da51e6bae6c3c0","attach":"\u9644\u52a0\u53c2\u6570","bank_type":"CFT","cash_fee":"1","fee_type":"CNY","is_subscribe":"Y","mch_id":"1441217402","nonce_str":"ebhtbux27ctahyp3b68p71lccr6mma05","openid":"omQYXwNAT5uC15TQqMGxajJzqo4s","out_trade_no":"144121740220180808153139","result_code":"SUCCESS","return_code":"SUCCESS","sign":"A0746A97A59EBC0486A63E80CAF29FB7DE05AC3F16F28DC31369CC86B1CEA917","time_end":"20180808153147","total_fee":"1","trade_type":"JSAPI","transaction_id":"4200000145201808087002735232"}
[2018-08-08 15:32:05][debug] query:{"appid":"wxd9da51e6bae6c3c0","attach":"\u9644\u52a0\u53c2\u6570","bank_type":"CFT","cash_fee":"1","fee_type":"CNY","is_subscribe":"Y","mch_id":"1441217402","nonce_str":"98cxk3JsbtGHa0If","openid":"omQYXwNAT5uC15TQqMGxajJzqo4s","out_trade_no":"144121740220180808153139","result_code":"SUCCESS","return_code":"SUCCESS","return_msg":"OK","sign":"1DCA1133DD27B30A36CAF266E4AB8F7CCA3660DD3BB69E9E9120D3A76FD64099","time_end":"20180808153147","total_fee":"1","trade_state":"SUCCESS","trade_state_desc":"\u652f\u4ed8\u6210\u529f","trade_type":"JSAPI","transaction_id":"4200000145201808087002735232"}
[2018-08-08 15:32:05][debug] call back， return xml:<xml><return_code><![CDATA[SUCCESS]]></return_code><return_msg><![CDATA[OK]]></return_msg></xml>
[2018-08-08 15:32:20][debug] begin notify
[2018-08-08 15:32:20][debug] call back:{"appid":"wxd9da51e6bae6c3c0","attach":"\u9644\u52a0\u53c2\u6570","bank_type":"CFT","cash_fee":"1","fee_type":"CNY","is_subscribe":"Y","mch_id":"1441217402","nonce_str":"ebhtbux27ctahyp3b68p71lccr6mma05","openid":"omQYXwNAT5uC15TQqMGxajJzqo4s","out_trade_no":"144121740220180808153139","result_code":"SUCCESS","return_code":"SUCCESS","sign":"A0746A97A59EBC0486A63E80CAF29FB7DE05AC3F16F28DC31369CC86B1CEA917","time_end":"20180808153147","total_fee":"1","trade_type":"JSAPI","transaction_id":"4200000145201808087002735232"}
[2018-08-08 15:32:21][debug] query:{"appid":"wxd9da51e6bae6c3c0","attach":"\u9644\u52a0\u53c2\u6570","bank_type":"CFT","cash_fee":"1","fee_type":"CNY","is_subscribe":"Y","mch_id":"1441217402","nonce_str":"9JZAHjE5WmyowGvI","openid":"omQYXwNAT5uC15TQqMGxajJzqo4s","out_trade_no":"144121740220180808153139","result_code":"SUCCESS","return_code":"SUCCESS","return_msg":"OK","sign":"C5D42F363AB26AD96816964D947952AD752065BFF390FCE7DF3D4224E7B43279","time_end":"20180808153147","total_fee":"1","trade_state":"SUCCESS","trade_state_desc":"\u652f\u4ed8\u6210\u529f","trade_type":"JSAPI","transaction_id":"4200000145201808087002735232"}
[2018-08-08 15:32:21][debug] call back， return xml:<xml><return_code><![CDATA[SUCCESS]]></return_code><return_msg><![CDATA[OK]]></return_msg></xml>
[2018-08-08 15:32:51][debug] begin notify
[2018-08-08 15:32:51][debug] call back:{"appid":"wxd9da51e6bae6c3c0","attach":"\u9644\u52a0\u53c2\u6570","bank_type":"CFT","cash_fee":"1","fee_type":"CNY","is_subscribe":"Y","mch_id":"1441217402","nonce_str":"ebhtbux27ctahyp3b68p71lccr6mma05","openid":"omQYXwNAT5uC15TQqMGxajJzqo4s","out_trade_no":"144121740220180808153139","result_code":"SUCCESS","return_code":"SUCCESS","sign":"A0746A97A59EBC0486A63E80CAF29FB7DE05AC3F16F28DC31369CC86B1CEA917","time_end":"20180808153147","total_fee":"1","trade_type":"JSAPI","transaction_id":"4200000145201808087002735232"}
[2018-08-08 15:32:53][debug] query:{"appid":"wxd9da51e6bae6c3c0","attach":"\u9644\u52a0\u53c2\u6570","bank_type":"CFT","cash_fee":"1","fee_type":"CNY","is_subscribe":"Y","mch_id":"1441217402","nonce_str":"oRVDl4BbU3DRbNxT","openid":"omQYXwNAT5uC15TQqMGxajJzqo4s","out_trade_no":"144121740220180808153139","result_code":"SUCCESS","return_code":"SUCCESS","return_msg":"OK","sign":"D7B1026A7DC662B85A6811BA4AE3C4A5D2D15284F336F4685911FA2C813B541E","time_end":"20180808153147","total_fee":"1","trade_state":"SUCCESS","trade_state_desc":"\u652f\u4ed8\u6210\u529f","trade_type":"JSAPI","transaction_id":"4200000145201808087002735232"}
[2018-08-08 15:32:53][debug] call back， return xml:<xml><return_code><![CDATA[SUCCESS]]></return_code><return_msg><![CDATA[OK]]></return_msg></xml>
[2018-08-08 15:35:52][debug] begin notify
[2018-08-08 15:35:52][debug] call back:{"appid":"wxd9da51e6bae6c3c0","attach":"\u9644\u52a0\u53c2\u6570","bank_type":"CFT","cash_fee":"1","fee_type":"CNY","is_subscribe":"Y","mch_id":"1441217402","nonce_str":"ebhtbux27ctahyp3b68p71lccr6mma05","openid":"omQYXwNAT5uC15TQqMGxajJzqo4s","out_trade_no":"144121740220180808153139","result_code":"SUCCESS","return_code":"SUCCESS","sign":"A0746A97A59EBC0486A63E80CAF29FB7DE05AC3F16F28DC31369CC86B1CEA917","time_end":"20180808153147","total_fee":"1","trade_type":"JSAPI","transaction_id":"4200000145201808087002735232"}
[2018-08-08 15:35:53][debug] query:{"appid":"wxd9da51e6bae6c3c0","attach":"\u9644\u52a0\u53c2\u6570","bank_type":"CFT","cash_fee":"1","fee_type":"CNY","is_subscribe":"Y","mch_id":"1441217402","nonce_str":"qCeGdZtQpgxYcwCJ","openid":"omQYXwNAT5uC15TQqMGxajJzqo4s","out_trade_no":"144121740220180808153139","result_code":"SUCCESS","return_code":"SUCCESS","return_msg":"OK","sign":"83277B5EFA711E163113CACC5B4D0495AA244C940795ED2400FB26A6534FD2CF","time_end":"20180808153147","total_fee":"1","trade_state":"REFUND","trade_state_desc":"\u8ba2\u5355\u53d1\u751f\u8fc7\u9000\u6b3e\uff0c\u9000\u6b3e\u8be6\u60c5\u8bf7\u67e5\u8be2\u9000\u6b3e\u5355","trade_type":"JSAPI","transaction_id":"4200000145201808087002735232"}
[2018-08-08 15:35:53][debug] call back， return xml:<xml><return_code><![CDATA[SUCCESS]]></return_code><return_msg><![CDATA[OK]]></return_msg></xml>
[2018-08-08 15:36:35][debug] begin notify
[2018-08-08 15:36:35][debug] call back:{"appid":"wxd9da51e6bae6c3c0","attach":"\u9644\u52a0\u53c2\u6570","bank_type":"CFT","cash_fee":"1","fee_type":"CNY","is_subscribe":"Y","mch_id":"1441217402","nonce_str":"pvvva8en75v94u5s7yg79envkqwb6fhs","openid":"omQYXwNAT5uC15TQqMGxajJzqo4s","out_trade_no":"144121740220180808153610","result_code":"SUCCESS","return_code":"SUCCESS","sign":"F3D7D05FCB2D3085D354464E387C03A27F46084455584BC50C17219461E737AE","time_end":"20180808153619","total_fee":"1","trade_type":"JSAPI","transaction_id":"4200000154201808081376190106"}
[2018-08-08 15:36:36][debug] query:{"appid":"wxd9da51e6bae6c3c0","attach":"\u9644\u52a0\u53c2\u6570","bank_type":"CFT","cash_fee":"1","fee_type":"CNY","is_subscribe":"Y","mch_id":"1441217402","nonce_str":"hU7MRTSAa8s0ZqgZ","openid":"omQYXwNAT5uC15TQqMGxajJzqo4s","out_trade_no":"144121740220180808153610","result_code":"SUCCESS","return_code":"SUCCESS","return_msg":"OK","sign":"35D15004A57D565EE4A8AF33902934D214550FC67B8790D8D656992D7E045B6A","time_end":"20180808153619","total_fee":"1","trade_state":"SUCCESS","trade_state_desc":"\u652f\u4ed8\u6210\u529f","trade_type":"JSAPI","transaction_id":"4200000154201808081376190106"}
[2018-08-08 15:36:36][debug] call back， return xml:<xml><return_code><![CDATA[SUCCESS]]></return_code><return_msg><![CDATA[OK]]></return_msg></xml>
[2018-08-08 15:37:22][debug] begin notify
[2018-08-08 15:37:22][debug] call back:{"appid":"wxd9da51e6bae6c3c0","attach":"\u9644\u52a0\u53c2\u6570","bank_type":"CFT","cash_fee":"1","fee_type":"CNY","is_subscribe":"Y","mch_id":"1441217402","nonce_str":"pvvva8en75v94u5s7yg79envkqwb6fhs","openid":"omQYXwNAT5uC15TQqMGxajJzqo4s","out_trade_no":"144121740220180808153610","result_code":"SUCCESS","return_code":"SUCCESS","sign":"F3D7D05FCB2D3085D354464E387C03A27F46084455584BC50C17219461E737AE","time_end":"20180808153619","total_fee":"1","trade_type":"JSAPI","transaction_id":"4200000154201808081376190106"}
[2018-08-08 15:37:23][debug] query:{"appid":"wxd9da51e6bae6c3c0","attach":"\u9644\u52a0\u53c2\u6570","bank_type":"CFT","cash_fee":"1","fee_type":"CNY","is_subscribe":"Y","mch_id":"1441217402","nonce_str":"m2BDuH7odih4bG5w","openid":"omQYXwNAT5uC15TQqMGxajJzqo4s","out_trade_no":"144121740220180808153610","result_code":"SUCCESS","return_code":"SUCCESS","return_msg":"OK","sign":"982656531C49F0B658FB7B263FFB408965231BA557C94D6A6F0958834DDDC48C","time_end":"20180808153619","total_fee":"1","trade_state":"SUCCESS","trade_state_desc":"\u652f\u4ed8\u6210\u529f","trade_type":"JSAPI","transaction_id":"4200000154201808081376190106"}
[2018-08-08 15:37:23][debug] call back， return xml:<xml><return_code><![CDATA[SUCCESS]]></return_code><return_msg><![CDATA[OK]]></return_msg></xml>
[2018-08-08 15:38:05][debug] begin notify
[2018-08-08 15:38:05][debug] call back:{"appid":"wxd9da51e6bae6c3c0","attach":"\u9644\u52a0\u53c2\u6570","bank_type":"CFT","cash_fee":"2","fee_type":"CNY","is_subscribe":"Y","mch_id":"1441217402","nonce_str":"7nfpa6cytp0f10o80e12ma64q9x4sgaz","openid":"omQYXwNAT5uC15TQqMGxajJzqo4s","out_trade_no":"144121740220180808150351","result_code":"SUCCESS","return_code":"SUCCESS","sign":"3FBFFEAACD6C0E51F713280C50BE3E0F6D9BB5CCCBB0300857D06EFFB288B7DA","time_end":"20180808150400","total_fee":"2","trade_type":"JSAPI","transaction_id":"4200000156201808082148661025"}
[2018-08-08 15:38:08][debug] query:{"appid":"wxd9da51e6bae6c3c0","attach":"\u9644\u52a0\u53c2\u6570","bank_type":"CFT","cash_fee":"2","fee_type":"CNY","is_subscribe":"Y","mch_id":"1441217402","nonce_str":"xNrPVTystYLLHm4b","openid":"omQYXwNAT5uC15TQqMGxajJzqo4s","out_trade_no":"144121740220180808150351","result_code":"SUCCESS","return_code":"SUCCESS","return_msg":"OK","sign":"BB04385977646B28CE26F6C4DDAB78CD3CFE7FAAEFDFA7EDC3D723C794915246","time_end":"20180808150400","total_fee":"2","trade_state":"REFUND","trade_state_desc":"\u8ba2\u5355\u53d1\u751f\u8fc7\u9000\u6b3e\uff0c\u9000\u6b3e\u8be6\u60c5\u8bf7\u67e5\u8be2\u9000\u6b3e\u5355","trade_type":"JSAPI","transaction_id":"4200000156201808082148661025"}
[2018-08-08 15:38:08][debug] call back， return xml:<xml><return_code><![CDATA[SUCCESS]]></return_code><return_msg><![CDATA[OK]]></return_msg></xml>
[2018-08-08 15:40:24][debug] begin notify
[2018-08-08 15:40:24][debug] call back:{"appid":"wxd9da51e6bae6c3c0","attach":"\u9644\u52a0\u53c2\u6570","bank_type":"CFT","cash_fee":"1","fee_type":"CNY","is_subscribe":"Y","mch_id":"1441217402","nonce_str":"pvvva8en75v94u5s7yg79envkqwb6fhs","openid":"omQYXwNAT5uC15TQqMGxajJzqo4s","out_trade_no":"144121740220180808153610","result_code":"SUCCESS","return_code":"SUCCESS","sign":"F3D7D05FCB2D3085D354464E387C03A27F46084455584BC50C17219461E737AE","time_end":"20180808153619","total_fee":"1","trade_type":"JSAPI","transaction_id":"4200000154201808081376190106"}
[2018-08-08 15:40:24][debug] query:{"appid":"wxd9da51e6bae6c3c0","attach":"\u9644\u52a0\u53c2\u6570","bank_type":"CFT","cash_fee":"1","fee_type":"CNY","is_subscribe":"Y","mch_id":"1441217402","nonce_str":"qK0536huIjieH9b0","openid":"omQYXwNAT5uC15TQqMGxajJzqo4s","out_trade_no":"144121740220180808153610","result_code":"SUCCESS","return_code":"SUCCESS","return_msg":"OK","sign":"3F368FFCA56B6341D68249BF6214CE94EAF69B937742B08D5CDB12DE9A5810D5","time_end":"20180808153619","total_fee":"1","trade_state":"SUCCESS","trade_state_desc":"\u652f\u4ed8\u6210\u529f","trade_type":"JSAPI","transaction_id":"4200000154201808081376190106"}
[2018-08-08 15:40:24][debug] call back， return xml:<xml><return_code><![CDATA[SUCCESS]]></return_code><return_msg><![CDATA[OK]]></return_msg></xml>
[2018-08-08 15:48:50][debug] begin notify
[2018-08-08 15:48:50][debug] call back:{"appid":"wxd9da51e6bae6c3c0","attach":"\u9644\u52a0\u53c2\u6570","bank_type":"CFT","cash_fee":"4","fee_type":"CNY","is_subscribe":"Y","mch_id":"1441217402","nonce_str":"qvist36iq2yhn8fe0fvwxz6h9gjonjdk","openid":"omQYXwNAT5uC15TQqMGxajJzqo4s","out_trade_no":"144121740220180808144423","result_code":"SUCCESS","return_code":"SUCCESS","sign":"645C93E5B02A544F5F86570A94BAE88678B149FC2C4ECC722CFB9B92E81AE053","time_end":"20180808144443","total_fee":"4","trade_type":"JSAPI","transaction_id":"4200000153201808086659771913"}
[2018-08-08 15:48:50][debug] query:{"appid":"wxd9da51e6bae6c3c0","attach":"\u9644\u52a0\u53c2\u6570","bank_type":"CFT","cash_fee":"4","fee_type":"CNY","is_subscribe":"Y","mch_id":"1441217402","nonce_str":"1TaGLgKj8bTzOZ90","openid":"omQYXwNAT5uC15TQqMGxajJzqo4s","out_trade_no":"144121740220180808144423","result_code":"SUCCESS","return_code":"SUCCESS","return_msg":"OK","sign":"74344EA5F60D1C54CE19F429A7918142B42A39BE13DBB956C57A3B443F06DF17","time_end":"20180808144443","total_fee":"4","trade_state":"REFUND","trade_state_desc":"\u8ba2\u5355\u53d1\u751f\u8fc7\u9000\u6b3e\uff0c\u9000\u6b3e\u8be6\u60c5\u8bf7\u67e5\u8be2\u9000\u6b3e\u5355","trade_type":"JSAPI","transaction_id":"4200000153201808086659771913"}
[2018-08-08 15:48:50][debug] call back， return xml:<xml><return_code><![CDATA[SUCCESS]]></return_code><return_msg><![CDATA[OK]]></return_msg></xml>
[2018-08-08 15:55:16][debug] begin notify
[2018-08-08 15:55:16][debug] call back:{"appid":"wxd9da51e6bae6c3c0","attach":"\u9644\u52a0\u53c2\u6570","bank_type":"CFT","cash_fee":"1","fee_type":"CNY","is_subscribe":"Y","mch_id":"1441217402","nonce_str":"cf3gqucjre1sazy6n3heaqlj69uikuk8","openid":"omQYXwAnbPpTEgNYpxhqkRrfcoqE","out_trade_no":"144121740220180808135038","result_code":"SUCCESS","return_code":"SUCCESS","sign":"8F241CAC9C436A01EC9B258FC1A082DF32213C8926788D1E4A99F5CBDB497BDD","time_end":"20180808135101","total_fee":"1","trade_type":"JSAPI","transaction_id":"4200000154201808082168107601"}
[2018-08-08 15:55:16][debug] query:{"appid":"wxd9da51e6bae6c3c0","attach":"\u9644\u52a0\u53c2\u6570","bank_type":"CFT","cash_fee":"1","fee_type":"CNY","is_subscribe":"Y","mch_id":"1441217402","nonce_str":"XCah6p14mrvfWNUD","openid":"omQYXwAnbPpTEgNYpxhqkRrfcoqE","out_trade_no":"144121740220180808135038","result_code":"SUCCESS","return_code":"SUCCESS","return_msg":"OK","sign":"0185DAA3EDA002B8A3062EE14CC54584564F1D71F9BD96BC5C1846ACC84F03E0","time_end":"20180808135102","total_fee":"1","trade_state":"REFUND","trade_state_desc":"\u8ba2\u5355\u53d1\u751f\u8fc7\u9000\u6b3e\uff0c\u9000\u6b3e\u8be6\u60c5\u8bf7\u67e5\u8be2\u9000\u6b3e\u5355","trade_type":"JSAPI","transaction_id":"4200000154201808082168107601"}
[2018-08-08 15:55:16][debug] call back， return xml:<xml><return_code><![CDATA[SUCCESS]]></return_code><return_msg><![CDATA[OK]]></return_msg></xml>
[2018-08-08 15:56:56][debug] begin notify
[2018-08-08 15:56:56][debug] call back:{"appid":"wxd9da51e6bae6c3c0","attach":"\u9644\u52a0\u53c2\u6570","bank_type":"CFT","cash_fee":"1","fee_type":"CNY","is_subscribe":"Y","mch_id":"1441217402","nonce_str":"3kg4u0t375vwg7pvodu55i8vp9d4duzs","openid":"omQYXwNAT5uC15TQqMGxajJzqo4s","out_trade_no":"144121740220180808152239","result_code":"SUCCESS","return_code":"SUCCESS","sign":"65BA5FFA37133ADD778DC155B83A082BDA2854366077B882D06CE0A3139A9336","time_end":"20180808152248","total_fee":"1","trade_type":"JSAPI","transaction_id":"4200000140201808084195671168"}
[2018-08-08 15:56:56][debug] query:{"appid":"wxd9da51e6bae6c3c0","attach":"\u9644\u52a0\u53c2\u6570","bank_type":"CFT","cash_fee":"1","fee_type":"CNY","is_subscribe":"Y","mch_id":"1441217402","nonce_str":"djY0Rov1RHLNT4td","openid":"omQYXwNAT5uC15TQqMGxajJzqo4s","out_trade_no":"144121740220180808152239","result_code":"SUCCESS","return_code":"SUCCESS","return_msg":"OK","sign":"14A76C4995F9EFF3FFC22C8E2E569ADAC4943B83B7F6302D75BD8604D8FE9EEA","time_end":"20180808152248","total_fee":"1","trade_state":"REFUND","trade_state_desc":"\u8ba2\u5355\u53d1\u751f\u8fc7\u9000\u6b3e\uff0c\u9000\u6b3e\u8be6\u60c5\u8bf7\u67e5\u8be2\u9000\u6b3e\u5355","trade_type":"JSAPI","transaction_id":"4200000140201808084195671168"}
[2018-08-08 15:56:56][debug] call back， return xml:<xml><return_code><![CDATA[SUCCESS]]></return_code><return_msg><![CDATA[OK]]></return_msg></xml>
[2018-08-08 15:58:10][debug] begin notify
[2018-08-08 15:58:10][debug] call back:{"appid":"wxd9da51e6bae6c3c0","attach":"\u9644\u52a0\u53c2\u6570","bank_type":"CFT","cash_fee":"4","fee_type":"CNY","is_subscribe":"Y","mch_id":"1441217402","nonce_str":"ulkacwwjqc2mcm38qfmruyedwqnpe2lj","openid":"omQYXwNAT5uC15TQqMGxajJzqo4s","out_trade_no":"144121740220180808142348","result_code":"SUCCESS","return_code":"SUCCESS","sign":"17B2D11E22BADA004D6BAA0BC06E4EE71A37BBE0FF0900D7E143CDCD33915C15","time_end":"20180808142358","total_fee":"4","trade_type":"JSAPI","transaction_id":"4200000151201808085101089854"}
[2018-08-08 15:58:10][debug] query:{"appid":"wxd9da51e6bae6c3c0","attach":"\u9644\u52a0\u53c2\u6570","bank_type":"CFT","cash_fee":"4","fee_type":"CNY","is_subscribe":"Y","mch_id":"1441217402","nonce_str":"5JGJCdRBfjBNJTY6","openid":"omQYXwNAT5uC15TQqMGxajJzqo4s","out_trade_no":"144121740220180808142348","result_code":"SUCCESS","return_code":"SUCCESS","return_msg":"OK","sign":"28A52F24052B17DC2DCE53B79BEB57729ACF19B1E6F10D923C15FB39377BD01E","time_end":"20180808142358","total_fee":"4","trade_state":"REFUND","trade_state_desc":"\u8ba2\u5355\u53d1\u751f\u8fc7\u9000\u6b3e\uff0c\u9000\u6b3e\u8be6\u60c5\u8bf7\u67e5\u8be2\u9000\u6b3e\u5355","trade_type":"JSAPI","transaction_id":"4200000151201808085101089854"}
[2018-08-08 15:58:10][debug] call back， return xml:<xml><return_code><![CDATA[SUCCESS]]></return_code><return_msg><![CDATA[OK]]></return_msg></xml>
[2018-08-08 16:03:47][debug] begin notify
[2018-08-08 16:03:47][debug] call back:{"appid":"wxd9da51e6bae6c3c0","attach":"\u9644\u52a0\u53c2\u6570","bank_type":"CFT","cash_fee":"1","fee_type":"CNY","is_subscribe":"Y","mch_id":"1441217402","nonce_str":"bqqf1mm8imu2m8i6zk6xagbchvny85qj","openid":"omQYXwNAT5uC15TQqMGxajJzqo4s","out_trade_no":"144121740220180808160339","result_code":"SUCCESS","return_code":"SUCCESS","sign":"B76261BA5180480C5293698E19B715EE193A445A8DFB647FB4CF1FE0F66725C6","time_end":"20180808160347","total_fee":"1","trade_type":"JSAPI","transaction_id":"4200000144201808085519287867"}
[2018-08-08 16:03:48][debug] query:{"appid":"wxd9da51e6bae6c3c0","attach":"\u9644\u52a0\u53c2\u6570","bank_type":"CFT","cash_fee":"1","fee_type":"CNY","is_subscribe":"Y","mch_id":"1441217402","nonce_str":"6Q9Ds4gwP7OdHqrT","openid":"omQYXwNAT5uC15TQqMGxajJzqo4s","out_trade_no":"144121740220180808160339","result_code":"SUCCESS","return_code":"SUCCESS","return_msg":"OK","sign":"02CA155FC9FEC20AF084BE13715FF69A89AD55906072D8DED7B9C90587DEC3C2","time_end":"20180808160347","total_fee":"1","trade_state":"SUCCESS","trade_state_desc":"\u652f\u4ed8\u6210\u529f","trade_type":"JSAPI","transaction_id":"4200000144201808085519287867"}
[2018-08-08 16:03:48][debug] call back， return xml:<xml><return_code><![CDATA[SUCCESS]]></return_code><return_msg><![CDATA[OK]]></return_msg></xml>
[2018-08-08 16:04:18][debug] begin notify
[2018-08-08 16:04:18][debug] call back:{"appid":"wxd9da51e6bae6c3c0","attach":"\u9644\u52a0\u53c2\u6570","bank_type":"CFT","cash_fee":"1","fee_type":"CNY","is_subscribe":"Y","mch_id":"1441217402","nonce_str":"bqqf1mm8imu2m8i6zk6xagbchvny85qj","openid":"omQYXwNAT5uC15TQqMGxajJzqo4s","out_trade_no":"144121740220180808160339","result_code":"SUCCESS","return_code":"SUCCESS","sign":"B76261BA5180480C5293698E19B715EE193A445A8DFB647FB4CF1FE0F66725C6","time_end":"20180808160347","total_fee":"1","trade_type":"JSAPI","transaction_id":"4200000144201808085519287867"}
[2018-08-08 16:04:19][debug] query:{"appid":"wxd9da51e6bae6c3c0","attach":"\u9644\u52a0\u53c2\u6570","bank_type":"CFT","cash_fee":"1","fee_type":"CNY","is_subscribe":"Y","mch_id":"1441217402","nonce_str":"2qOOLb8Buz15EpOz","openid":"omQYXwNAT5uC15TQqMGxajJzqo4s","out_trade_no":"144121740220180808160339","result_code":"SUCCESS","return_code":"SUCCESS","return_msg":"OK","sign":"EB752222CB6F13096F2F5377E10A19B04F90E272384B1968906B4B19DF2030DA","time_end":"20180808160347","total_fee":"1","trade_state":"SUCCESS","trade_state_desc":"\u652f\u4ed8\u6210\u529f","trade_type":"JSAPI","transaction_id":"4200000144201808085519287867"}
[2018-08-08 16:04:19][debug] call back， return xml:<xml><return_code><![CDATA[SUCCESS]]></return_code><return_msg><![CDATA[OK]]></return_msg></xml>
[2018-08-08 16:04:50][debug] begin notify
[2018-08-08 16:04:50][debug] call back:{"appid":"wxd9da51e6bae6c3c0","attach":"\u9644\u52a0\u53c2\u6570","bank_type":"CFT","cash_fee":"1","fee_type":"CNY","is_subscribe":"Y","mch_id":"1441217402","nonce_str":"bqqf1mm8imu2m8i6zk6xagbchvny85qj","openid":"omQYXwNAT5uC15TQqMGxajJzqo4s","out_trade_no":"144121740220180808160339","result_code":"SUCCESS","return_code":"SUCCESS","sign":"B76261BA5180480C5293698E19B715EE193A445A8DFB647FB4CF1FE0F66725C6","time_end":"20180808160347","total_fee":"1","trade_type":"JSAPI","transaction_id":"4200000144201808085519287867"}
[2018-08-08 16:04:50][debug] query:{"appid":"wxd9da51e6bae6c3c0","attach":"\u9644\u52a0\u53c2\u6570","bank_type":"CFT","cash_fee":"1","fee_type":"CNY","is_subscribe":"Y","mch_id":"1441217402","nonce_str":"5HHMAdWjUQUCfzEZ","openid":"omQYXwNAT5uC15TQqMGxajJzqo4s","out_trade_no":"144121740220180808160339","result_code":"SUCCESS","return_code":"SUCCESS","return_msg":"OK","sign":"9AA73E727F4426AE415EC96C3D0999D2550AC860DB979242797150F29943356C","time_end":"20180808160347","total_fee":"1","trade_state":"SUCCESS","trade_state_desc":"\u652f\u4ed8\u6210\u529f","trade_type":"JSAPI","transaction_id":"4200000144201808085519287867"}
[2018-08-08 16:04:50][debug] call back， return xml:<xml><return_code><![CDATA[SUCCESS]]></return_code><return_msg><![CDATA[OK]]></return_msg></xml>
[2018-08-08 16:04:58][debug] begin notify
[2018-08-08 16:04:58][debug] call back:{"appid":"wxd9da51e6bae6c3c0","attach":"\u9644\u52a0\u53c2\u6570","bank_type":"CFT","cash_fee":"2","fee_type":"CNY","is_subscribe":"Y","mch_id":"1441217402","nonce_str":"uawwppt20jufvbz7uy2gpjfdi2143lr3","openid":"omQYXwAnbPpTEgNYpxhqkRrfcoqE","out_trade_no":"144121740220180808143039","result_code":"SUCCESS","return_code":"SUCCESS","sign":"F0C408294754F43A524B601279D3E0E751968369B367B9AFA7CCD1A74404700E","time_end":"20180808143048","total_fee":"2","trade_type":"JSAPI","transaction_id":"4200000151201808085767549903"}
[2018-08-08 16:10:25][debug] call back:{"appid":"wxd9da51e6bae6c3c0","attach":"\u9644\u52a0\u53c2\u6570","bank_type":"CFT","cash_fee":"1","fee_type":"CNY","is_subscribe":"Y","mch_id":"1441217402","nonce_str":"pvvva8en75v94u5s7yg79envkqwb6fhs","openid":"omQYXwNAT5uC15TQqMGxajJzqo4s","out_trade_no":"144121740220180808153610","result_code":"SUCCESS","return_code":"SUCCESS","sign":"F3D7D05FCB2D3085D354464E387C03A27F46084455584BC50C17219461E737AE","time_end":"20180808153619","total_fee":"1","trade_type":"JSAPI","transaction_id":"4200000154201808081376190106"}
[2018-08-08 16:10:25][debug] query:{"appid":"wxd9da51e6bae6c3c0","attach":"\u9644\u52a0\u53c2\u6570","bank_type":"CFT","cash_fee":"1","fee_type":"CNY","is_subscribe":"Y","mch_id":"1441217402","nonce_str":"hPHlhNEtV1QUiwYt","openid":"omQYXwNAT5uC15TQqMGxajJzqo4s","out_trade_no":"144121740220180808153610","result_code":"SUCCESS","return_code":"SUCCESS","return_msg":"OK","sign":"477C97F7E6A229995BE51F0BC22D419910DE3EE7FC1235B9E44C557FFBA5E6B8","time_end":"20180808153619","total_fee":"1","trade_state":"REFUND","trade_state_desc":"\u8ba2\u5355\u53d1\u751f\u8fc7\u9000\u6b3e\uff0c\u9000\u6b3e\u8be6\u60c5\u8bf7\u67e5\u8be2\u9000\u6b3e\u5355","trade_type":"JSAPI","transaction_id":"4200000154201808081376190106"}
[2018-08-08 16:10:25][debug] call back， return xml:<xml><return_code><![CDATA[SUCCESS]]></return_code><return_msg><![CDATA[OK]]></return_msg></xml>
[2018-08-08 16:12:31][debug] call back:{"appid":"wxd9da51e6bae6c3c0","attach":"\u9644\u52a0\u53c2\u6570","bank_type":"CFT","cash_fee":"1","fee_type":"CNY","is_subscribe":"Y","mch_id":"1441217402","nonce_str":"o84d68eb3g15b32fl1w21bye3vgcl6s6","openid":"omQYXwNAT5uC15TQqMGxajJzqo4s","out_trade_no":"144121740220180808161223","result_code":"SUCCESS","return_code":"SUCCESS","sign":"1E6655E54C8274DB985B68C7F4B54303971CC864254FC5B9903D2DE5F33252D9","time_end":"20180808161230","total_fee":"1","trade_type":"JSAPI","transaction_id":"4200000154201808088642456703"}
[2018-08-08 16:12:33][debug] query:{"appid":"wxd9da51e6bae6c3c0","attach":"\u9644\u52a0\u53c2\u6570","bank_type":"CFT","cash_fee":"1","fee_type":"CNY","is_subscribe":"Y","mch_id":"1441217402","nonce_str":"yJh8GiVztM6PeFpi","openid":"omQYXwNAT5uC15TQqMGxajJzqo4s","out_trade_no":"144121740220180808161223","result_code":"SUCCESS","return_code":"SUCCESS","return_msg":"OK","sign":"CAA3CC424D583948AD48A4CB2E3D82D666D9EE1B5B308608EDC3DF5FDDA08B29","time_end":"20180808161230","total_fee":"1","trade_state":"SUCCESS","trade_state_desc":"\u652f\u4ed8\u6210\u529f","trade_type":"JSAPI","transaction_id":"4200000154201808088642456703"}
[2018-08-08 16:12:33][debug] call back， return xml:<xml><return_code><![CDATA[SUCCESS]]></return_code><return_msg><![CDATA[OK]]></return_msg></xml>
