<xml><appid><![CDATA[wx879e0ef16da851a4]]></appid>
<attach><![CDATA[附加参数]]></attach>
<bank_type><![CDATA[CFT]]></bank_type>
<cash_fee><![CDATA[1]]></cash_fee>
<fee_type><![CDATA[CNY]]></fee_type>
<is_subscribe><![CDATA[Y]]></is_subscribe>
<mch_id><![CDATA[1507944761]]></mch_id>
<nonce_str><![CDATA[ktxuzjqb0xmucpr9bxvwze508m5i27av]]></nonce_str>
<openid><![CDATA[oj2u_0lS6frkzBwlHfO-p59n6Q6s]]></openid>
<out_trade_no><![CDATA[150794476120180907132836]]></out_trade_no>
<result_code><![CDATA[SUCCESS]]></result_code>
<return_code><![CDATA[SUCCESS]]></return_code>
<sign><![CDATA[46A78A95CBF6CBF5602BD6202D910E9F2090681863E096CBADFB6127D2B9C847]]></sign>
<time_end><![CDATA[20180907132842]]></time_end>
<total_fee>1</total_fee>
<trade_type><![CDATA[JSAPI]]></trade_type>
<transaction_id><![CDATA[4200000176201809078735312828]]></transaction_id>
</xml><xml><appid><![CDATA[wx879e0ef16da851a4]]></appid>
<attach><![CDATA[附加参数]]></attach>
<bank_type><![CDATA[CFT]]></bank_type>
<cash_fee><![CDATA[1]]></cash_fee>
<fee_type><![CDATA[CNY]]></fee_type>
<is_subscribe><![CDATA[Y]]></is_subscribe>
<mch_id><![CDATA[1507944761]]></mch_id>
<nonce_str><![CDATA[ktxuzjqb0xmucpr9bxvwze508m5i27av]]></nonce_str>
<openid><![CDATA[oj2u_0lS6frkzBwlHfO-p59n6Q6s]]></openid>
<out_trade_no><![CDATA[150794476120180907132836]]></out_trade_no>
<result_code><![CDATA[SUCCESS]]></result_code>
<return_code><![CDATA[SUCCESS]]></return_code>
<sign><![CDATA[46A78A95CBF6CBF5602BD6202D910E9F2090681863E096CBADFB6127D2B9C847]]></sign>
<time_end><![CDATA[20180907132842]]></time_end>
<total_fee>1</total_fee>
<trade_type><![CDATA[JSAPI]]></trade_type>
<transaction_id><![CDATA[4200000176201809078735312828]]></transaction_id>
</xml>